::1 - - [Sun, 08 May 2016 11:43:03 GMT] "GET / HTTP/1.1" 200 3249 "http://localhost:3000/login" "Mozilla/5.0 (Windows NT 6.1; WOW64) AppleWebKit/537.36 (KHTML, like Gecko) Chrome/48.0.2535.0 Safari/537.36"
::1 - - [Sun, 08 May 2016 11:43:03 GMT] "GET /stylesheets/bootstrap.css HTTP/1.1" 304 - "http://localhost:3000/" "Mozilla/5.0 (Windows NT 6.1; WOW64) AppleWebKit/537.36 (KHTML, like Gecko) Chrome/48.0.2535.0 Safari/537.36"
::1 - - [Sun, 08 May 2016 11:43:03 GMT] "GET /stylesheets/bootstrap-responsive.css HTTP/1.1" 304 - "http://localhost:3000/" "Mozilla/5.0 (Windows NT 6.1; WOW64) AppleWebKit/537.36 (KHTML, like Gecko) Chrome/48.0.2535.0 Safari/537.36"
::1 - - [Sun, 08 May 2016 11:43:03 GMT] "GET /javascripts/jquery.min.js HTTP/1.1" 304 - "http://localhost:3000/" "Mozilla/5.0 (Windows NT 6.1; WOW64) AppleWebKit/537.36 (KHTML, like Gecko) Chrome/48.0.2535.0 Safari/537.36"
::1 - - [Sun, 08 May 2016 11:43:03 GMT] "GET /javascripts/bootstrap.js HTTP/1.1" 304 - "http://localhost:3000/" "Mozilla/5.0 (Windows NT 6.1; WOW64) AppleWebKit/537.36 (KHTML, like Gecko) Chrome/48.0.2535.0 Safari/537.36"
::1 - - [Sun, 08 May 2016 11:43:03 GMT] "GET /img/glyphicons-halflings-white.png HTTP/1.1" 304 - "http://localhost:3000/" "Mozilla/5.0 (Windows NT 6.1; WOW64) AppleWebKit/537.36 (KHTML, like Gecko) Chrome/48.0.2535.0 Safari/537.36"
::1 - - [Sun, 08 May 2016 11:46:10 GMT] "GET / HTTP/1.1" 500 - "http://localhost:3000/login" "Mozilla/5.0 (Windows NT 6.1; WOW64) AppleWebKit/537.36 (KHTML, like Gecko) Chrome/48.0.2535.0 Safari/537.36"
::1 - - [Sun, 08 May 2016 11:46:56 GMT] "GET / HTTP/1.1" 500 - "-" "Mozilla/5.0 (Windows NT 6.1; WOW64) AppleWebKit/537.36 (KHTML, like Gecko) Chrome/48.0.2535.0 Safari/537.36"
::1 - - [Sun, 08 May 2016 11:47:41 GMT] "GET /reg HTTP/1.1" 200 2629 "http://localhost:3000/reg" "Mozilla/5.0 (Windows NT 6.1; WOW64) AppleWebKit/537.36 (KHTML, like Gecko) Chrome/31.0.1650.63 Safari/537.36"
::1 - - [Sun, 08 May 2016 11:47:42 GMT] "GET /stylesheets/bootstrap.css HTTP/1.1" 304 - "http://localhost:3000/reg" "Mozilla/5.0 (Windows NT 6.1; WOW64) AppleWebKit/537.36 (KHTML, like Gecko) Chrome/31.0.1650.63 Safari/537.36"
::1 - - [Sun, 08 May 2016 11:47:42 GMT] "GET /stylesheets/bootstrap-responsive.css HTTP/1.1" 304 - "http://localhost:3000/reg" "Mozilla/5.0 (Windows NT 6.1; WOW64) AppleWebKit/537.36 (KHTML, like Gecko) Chrome/31.0.1650.63 Safari/537.36"
::1 - - [Sun, 08 May 2016 11:47:42 GMT] "GET /javascripts/jquery.min.js HTTP/1.1" 304 - "http://localhost:3000/reg" "Mozilla/5.0 (Windows NT 6.1; WOW64) AppleWebKit/537.36 (KHTML, like Gecko) Chrome/31.0.1650.63 Safari/537.36"
::1 - - [Sun, 08 May 2016 11:47:42 GMT] "GET /javascripts/bootstrap.js HTTP/1.1" 304 - "http://localhost:3000/reg" "Mozilla/5.0 (Windows NT 6.1; WOW64) AppleWebKit/537.36 (KHTML, like Gecko) Chrome/31.0.1650.63 Safari/537.36"
::1 - - [Sun, 08 May 2016 11:51:23 GMT] "GET / HTTP/1.1" 404 - "-" "Mozilla/5.0 (Windows NT 6.1; WOW64) AppleWebKit/537.36 (KHTML, like Gecko) Chrome/48.0.2535.0 Safari/537.36"
::1 - - [Sun, 08 May 2016 12:55:33 GMT] "GET / HTTP/1.1" 200 3249 "-" "Mozilla/5.0 (Windows NT 6.1; WOW64) AppleWebKit/537.36 (KHTML, like Gecko) Chrome/48.0.2535.0 Safari/537.36"
::1 - - [Sun, 08 May 2016 12:55:33 GMT] "GET /stylesheets/bootstrap.css HTTP/1.1" 304 - "http://localhost:3000/" "Mozilla/5.0 (Windows NT 6.1; WOW64) AppleWebKit/537.36 (KHTML, like Gecko) Chrome/48.0.2535.0 Safari/537.36"
::1 - - [Sun, 08 May 2016 12:55:33 GMT] "GET /javascripts/jquery.min.js HTTP/1.1" 304 - "http://localhost:3000/" "Mozilla/5.0 (Windows NT 6.1; WOW64) AppleWebKit/537.36 (KHTML, like Gecko) Chrome/48.0.2535.0 Safari/537.36"
::1 - - [Sun, 08 May 2016 12:55:33 GMT] "GET /javascripts/bootstrap.js HTTP/1.1" 304 - "http://localhost:3000/" "Mozilla/5.0 (Windows NT 6.1; WOW64) AppleWebKit/537.36 (KHTML, like Gecko) Chrome/48.0.2535.0 Safari/537.36"
::1 - - [Sun, 08 May 2016 12:55:33 GMT] "GET /stylesheets/bootstrap-responsive.css HTTP/1.1" 304 - "http://localhost:3000/" "Mozilla/5.0 (Windows NT 6.1; WOW64) AppleWebKit/537.36 (KHTML, like Gecko) Chrome/48.0.2535.0 Safari/537.36"
::1 - - [Sun, 08 May 2016 12:55:33 GMT] "GET /img/glyphicons-halflings-white.png HTTP/1.1" 304 - "http://localhost:3000/stylesheets/bootstrap.css" "Mozilla/5.0 (Windows NT 6.1; WOW64) AppleWebKit/537.36 (KHTML, like Gecko) Chrome/48.0.2535.0 Safari/537.36"
::1 - - [Sun, 08 May 2016 12:55:35 GMT] "GET /logout HTTP/1.1" 302 - "http://localhost:3000/" "Mozilla/5.0 (Windows NT 6.1; WOW64) AppleWebKit/537.36 (KHTML, like Gecko) Chrome/48.0.2535.0 Safari/537.36"
::1 - - [Sun, 08 May 2016 12:55:35 GMT] "GET / HTTP/1.1" 200 3418 "http://localhost:3000/" "Mozilla/5.0 (Windows NT 6.1; WOW64) AppleWebKit/537.36 (KHTML, like Gecko) Chrome/48.0.2535.0 Safari/537.36"
::1 - - [Sun, 08 May 2016 12:55:35 GMT] "GET /stylesheets/bootstrap.css HTTP/1.1" 304 - "http://localhost:3000/" "Mozilla/5.0 (Windows NT 6.1; WOW64) AppleWebKit/537.36 (KHTML, like Gecko) Chrome/48.0.2535.0 Safari/537.36"
::1 - - [Sun, 08 May 2016 12:55:35 GMT] "GET /stylesheets/bootstrap-responsive.css HTTP/1.1" 304 - "http://localhost:3000/" "Mozilla/5.0 (Windows NT 6.1; WOW64) AppleWebKit/537.36 (KHTML, like Gecko) Chrome/48.0.2535.0 Safari/537.36"
::1 - - [Sun, 08 May 2016 12:55:35 GMT] "GET /javascripts/jquery.min.js HTTP/1.1" 304 - "http://localhost:3000/" "Mozilla/5.0 (Windows NT 6.1; WOW64) AppleWebKit/537.36 (KHTML, like Gecko) Chrome/48.0.2535.0 Safari/537.36"
::1 - - [Sun, 08 May 2016 12:55:35 GMT] "GET /javascripts/bootstrap.js HTTP/1.1" 304 - "http://localhost:3000/" "Mozilla/5.0 (Windows NT 6.1; WOW64) AppleWebKit/537.36 (KHTML, like Gecko) Chrome/48.0.2535.0 Safari/537.36"
::1 - - [Sun, 08 May 2016 12:55:38 GMT] "GET /login HTTP/1.1" 200 2255 "http://localhost:3000/" "Mozilla/5.0 (Windows NT 6.1; WOW64) AppleWebKit/537.36 (KHTML, like Gecko) Chrome/48.0.2535.0 Safari/537.36"
::1 - - [Sun, 08 May 2016 12:55:38 GMT] "GET /javascripts/jquery.min.js HTTP/1.1" 304 - "http://localhost:3000/login" "Mozilla/5.0 (Windows NT 6.1; WOW64) AppleWebKit/537.36 (KHTML, like Gecko) Chrome/48.0.2535.0 Safari/537.36"
::1 - - [Sun, 08 May 2016 12:55:38 GMT] "GET /javascripts/bootstrap.js HTTP/1.1" 304 - "http://localhost:3000/login" "Mozilla/5.0 (Windows NT 6.1; WOW64) AppleWebKit/537.36 (KHTML, like Gecko) Chrome/48.0.2535.0 Safari/537.36"
::1 - - [Sun, 08 May 2016 12:55:38 GMT] "GET /stylesheets/bootstrap-responsive.css HTTP/1.1" 304 - "http://localhost:3000/login" "Mozilla/5.0 (Windows NT 6.1; WOW64) AppleWebKit/537.36 (KHTML, like Gecko) Chrome/48.0.2535.0 Safari/537.36"
::1 - - [Sun, 08 May 2016 12:55:38 GMT] "GET /stylesheets/bootstrap.css HTTP/1.1" 304 - "http://localhost:3000/login" "Mozilla/5.0 (Windows NT 6.1; WOW64) AppleWebKit/537.36 (KHTML, like Gecko) Chrome/48.0.2535.0 Safari/537.36"
::1 - - [Sun, 08 May 2016 12:55:46 GMT] "POST /login HTTP/1.1" 302 - "http://localhost:3000/login" "Mozilla/5.0 (Windows NT 6.1; WOW64) AppleWebKit/537.36 (KHTML, like Gecko) Chrome/48.0.2535.0 Safari/537.36"
::1 - - [Sun, 08 May 2016 12:55:46 GMT] "GET / HTTP/1.1" 200 3329 "http://localhost:3000/login" "Mozilla/5.0 (Windows NT 6.1; WOW64) AppleWebKit/537.36 (KHTML, like Gecko) Chrome/48.0.2535.0 Safari/537.36"
::1 - - [Sun, 08 May 2016 12:55:46 GMT] "GET /stylesheets/bootstrap.css HTTP/1.1" 304 - "http://localhost:3000/" "Mozilla/5.0 (Windows NT 6.1; WOW64) AppleWebKit/537.36 (KHTML, like Gecko) Chrome/48.0.2535.0 Safari/537.36"
::1 - - [Sun, 08 May 2016 12:55:46 GMT] "GET /stylesheets/bootstrap-responsive.css HTTP/1.1" 304 - "http://localhost:3000/" "Mozilla/5.0 (Windows NT 6.1; WOW64) AppleWebKit/537.36 (KHTML, like Gecko) Chrome/48.0.2535.0 Safari/537.36"
::1 - - [Sun, 08 May 2016 12:55:46 GMT] "GET /javascripts/jquery.min.js HTTP/1.1" 304 - "http://localhost:3000/" "Mozilla/5.0 (Windows NT 6.1; WOW64) AppleWebKit/537.36 (KHTML, like Gecko) Chrome/48.0.2535.0 Safari/537.36"
::1 - - [Sun, 08 May 2016 12:55:46 GMT] "GET /javascripts/bootstrap.js HTTP/1.1" 304 - "http://localhost:3000/" "Mozilla/5.0 (Windows NT 6.1; WOW64) AppleWebKit/537.36 (KHTML, like Gecko) Chrome/48.0.2535.0 Safari/537.36"
::1 - - [Sun, 08 May 2016 12:55:46 GMT] "GET /img/glyphicons-halflings-white.png HTTP/1.1" 304 - "http://localhost:3000/" "Mozilla/5.0 (Windows NT 6.1; WOW64) AppleWebKit/537.36 (KHTML, like Gecko) Chrome/48.0.2535.0 Safari/537.36"
::1 - - [Sun, 08 May 2016 12:55:51 GMT] "POST /post HTTP/1.1" 302 - "http://localhost:3000/" "Mozilla/5.0 (Windows NT 6.1; WOW64) AppleWebKit/537.36 (KHTML, like Gecko) Chrome/48.0.2535.0 Safari/537.36"
::1 - - [Sun, 08 May 2016 12:55:51 GMT] "GET /u/xinhe HTTP/1.1" 200 2016 "http://localhost:3000/" "Mozilla/5.0 (Windows NT 6.1; WOW64) AppleWebKit/537.36 (KHTML, like Gecko) Chrome/48.0.2535.0 Safari/537.36"
::1 - - [Sun, 08 May 2016 12:55:51 GMT] "GET /stylesheets/bootstrap-responsive.css HTTP/1.1" 304 - "http://localhost:3000/u/xinhe" "Mozilla/5.0 (Windows NT 6.1; WOW64) AppleWebKit/537.36 (KHTML, like Gecko) Chrome/48.0.2535.0 Safari/537.36"
::1 - - [Sun, 08 May 2016 12:55:51 GMT] "GET /stylesheets/bootstrap.css HTTP/1.1" 304 - "http://localhost:3000/u/xinhe" "Mozilla/5.0 (Windows NT 6.1; WOW64) AppleWebKit/537.36 (KHTML, like Gecko) Chrome/48.0.2535.0 Safari/537.36"
::1 - - [Sun, 08 May 2016 12:55:51 GMT] "GET /javascripts/bootstrap.js HTTP/1.1" 304 - "http://localhost:3000/u/xinhe" "Mozilla/5.0 (Windows NT 6.1; WOW64) AppleWebKit/537.36 (KHTML, like Gecko) Chrome/48.0.2535.0 Safari/537.36"
::1 - - [Sun, 08 May 2016 12:55:51 GMT] "GET /javascripts/jquery.min.js HTTP/1.1" 304 - "http://localhost:3000/u/xinhe" "Mozilla/5.0 (Windows NT 6.1; WOW64) AppleWebKit/537.36 (KHTML, like Gecko) Chrome/48.0.2535.0 Safari/537.36"
::1 - - [Sun, 08 May 2016 12:55:52 GMT] "GET /img/glyphicons-halflings-white.png HTTP/1.1" 304 - "http://localhost:3000/u/xinhe" "Mozilla/5.0 (Windows NT 6.1; WOW64) AppleWebKit/537.36 (KHTML, like Gecko) Chrome/48.0.2535.0 Safari/537.36"
::1 - - [Sun, 08 May 2016 12:55:55 GMT] "GET / HTTP/1.1" 200 3432 "http://localhost:3000/u/xinhe" "Mozilla/5.0 (Windows NT 6.1; WOW64) AppleWebKit/537.36 (KHTML, like Gecko) Chrome/48.0.2535.0 Safari/537.36"
::1 - - [Sun, 08 May 2016 12:55:55 GMT] "GET /stylesheets/bootstrap.css HTTP/1.1" 304 - "http://localhost:3000/" "Mozilla/5.0 (Windows NT 6.1; WOW64) AppleWebKit/537.36 (KHTML, like Gecko) Chrome/48.0.2535.0 Safari/537.36"
::1 - - [Sun, 08 May 2016 12:55:55 GMT] "GET /javascripts/jquery.min.js HTTP/1.1" 304 - "http://localhost:3000/" "Mozilla/5.0 (Windows NT 6.1; WOW64) AppleWebKit/537.36 (KHTML, like Gecko) Chrome/48.0.2535.0 Safari/537.36"
::1 - - [Sun, 08 May 2016 12:55:55 GMT] "GET /stylesheets/bootstrap-responsive.css HTTP/1.1" 304 - "http://localhost:3000/" "Mozilla/5.0 (Windows NT 6.1; WOW64) AppleWebKit/537.36 (KHTML, like Gecko) Chrome/48.0.2535.0 Safari/537.36"
::1 - - [Sun, 08 May 2016 12:55:55 GMT] "GET /javascripts/bootstrap.js HTTP/1.1" 304 - "http://localhost:3000/" "Mozilla/5.0 (Windows NT 6.1; WOW64) AppleWebKit/537.36 (KHTML, like Gecko) Chrome/48.0.2535.0 Safari/537.36"
::1 - - [Sun, 08 May 2016 12:55:55 GMT] "GET /img/glyphicons-halflings-white.png HTTP/1.1" 304 - "http://localhost:3000/" "Mozilla/5.0 (Windows NT 6.1; WOW64) AppleWebKit/537.36 (KHTML, like Gecko) Chrome/48.0.2535.0 Safari/537.36"
::1 - - [Sun, 08 May 2016 12:55:58 GMT] "GET /u/123 HTTP/1.1" 200 2674 "http://localhost:3000/" "Mozilla/5.0 (Windows NT 6.1; WOW64) AppleWebKit/537.36 (KHTML, like Gecko) Chrome/48.0.2535.0 Safari/537.36"
::1 - - [Sun, 08 May 2016 12:55:58 GMT] "GET /stylesheets/bootstrap-responsive.css HTTP/1.1" 304 - "http://localhost:3000/u/123" "Mozilla/5.0 (Windows NT 6.1; WOW64) AppleWebKit/537.36 (KHTML, like Gecko) Chrome/48.0.2535.0 Safari/537.36"
::1 - - [Sun, 08 May 2016 12:55:58 GMT] "GET /stylesheets/bootstrap.css HTTP/1.1" 304 - "http://localhost:3000/u/123" "Mozilla/5.0 (Windows NT 6.1; WOW64) AppleWebKit/537.36 (KHTML, like Gecko) Chrome/48.0.2535.0 Safari/537.36"
::1 - - [Sun, 08 May 2016 12:55:58 GMT] "GET /javascripts/jquery.min.js HTTP/1.1" 304 - "http://localhost:3000/u/123" "Mozilla/5.0 (Windows NT 6.1; WOW64) AppleWebKit/537.36 (KHTML, like Gecko) Chrome/48.0.2535.0 Safari/537.36"
::1 - - [Sun, 08 May 2016 12:55:58 GMT] "GET /javascripts/bootstrap.js HTTP/1.1" 304 - "http://localhost:3000/u/123" "Mozilla/5.0 (Windows NT 6.1; WOW64) AppleWebKit/537.36 (KHTML, like Gecko) Chrome/48.0.2535.0 Safari/537.36"
::1 - - [Sun, 08 May 2016 12:55:58 GMT] "GET /img/glyphicons-halflings-white.png HTTP/1.1" 304 - "http://localhost:3000/u/123" "Mozilla/5.0 (Windows NT 6.1; WOW64) AppleWebKit/537.36 (KHTML, like Gecko) Chrome/48.0.2535.0 Safari/537.36"
::1 - - [Sun, 08 May 2016 12:56:00 GMT] "GET / HTTP/1.1" 200 3432 "http://localhost:3000/u/123" "Mozilla/5.0 (Windows NT 6.1; WOW64) AppleWebKit/537.36 (KHTML, like Gecko) Chrome/48.0.2535.0 Safari/537.36"
::1 - - [Sun, 08 May 2016 12:56:00 GMT] "GET /stylesheets/bootstrap.css HTTP/1.1" 304 - "http://localhost:3000/" "Mozilla/5.0 (Windows NT 6.1; WOW64) AppleWebKit/537.36 (KHTML, like Gecko) Chrome/48.0.2535.0 Safari/537.36"
::1 - - [Sun, 08 May 2016 12:56:00 GMT] "GET /stylesheets/bootstrap-responsive.css HTTP/1.1" 304 - "http://localhost:3000/" "Mozilla/5.0 (Windows NT 6.1; WOW64) AppleWebKit/537.36 (KHTML, like Gecko) Chrome/48.0.2535.0 Safari/537.36"
::1 - - [Sun, 08 May 2016 12:56:00 GMT] "GET /javascripts/jquery.min.js HTTP/1.1" 304 - "http://localhost:3000/" "Mozilla/5.0 (Windows NT 6.1; WOW64) AppleWebKit/537.36 (KHTML, like Gecko) Chrome/48.0.2535.0 Safari/537.36"
::1 - - [Sun, 08 May 2016 12:56:00 GMT] "GET /javascripts/bootstrap.js HTTP/1.1" 304 - "http://localhost:3000/" "Mozilla/5.0 (Windows NT 6.1; WOW64) AppleWebKit/537.36 (KHTML, like Gecko) Chrome/48.0.2535.0 Safari/537.36"
::1 - - [Sun, 08 May 2016 12:56:00 GMT] "GET /img/glyphicons-halflings-white.png HTTP/1.1" 304 - "http://localhost:3000/" "Mozilla/5.0 (Windows NT 6.1; WOW64) AppleWebKit/537.36 (KHTML, like Gecko) Chrome/48.0.2535.0 Safari/537.36"
::1 - - [Sun, 08 May 2016 12:56:01 GMT] "GET /u/xinhe HTTP/1.1" 200 1936 "http://localhost:3000/" "Mozilla/5.0 (Windows NT 6.1; WOW64) AppleWebKit/537.36 (KHTML, like Gecko) Chrome/48.0.2535.0 Safari/537.36"
::1 - - [Sun, 08 May 2016 12:56:01 GMT] "GET /stylesheets/bootstrap.css HTTP/1.1" 304 - "http://localhost:3000/u/xinhe" "Mozilla/5.0 (Windows NT 6.1; WOW64) AppleWebKit/537.36 (KHTML, like Gecko) Chrome/48.0.2535.0 Safari/537.36"
::1 - - [Sun, 08 May 2016 12:56:01 GMT] "GET /javascripts/jquery.min.js HTTP/1.1" 304 - "http://localhost:3000/u/xinhe" "Mozilla/5.0 (Windows NT 6.1; WOW64) AppleWebKit/537.36 (KHTML, like Gecko) Chrome/48.0.2535.0 Safari/537.36"
::1 - - [Sun, 08 May 2016 12:56:01 GMT] "GET /javascripts/bootstrap.js HTTP/1.1" 304 - "http://localhost:3000/u/xinhe" "Mozilla/5.0 (Windows NT 6.1; WOW64) AppleWebKit/537.36 (KHTML, like Gecko) Chrome/48.0.2535.0 Safari/537.36"
::1 - - [Sun, 08 May 2016 12:56:01 GMT] "GET /stylesheets/bootstrap-responsive.css HTTP/1.1" 304 - "http://localhost:3000/u/xinhe" "Mozilla/5.0 (Windows NT 6.1; WOW64) AppleWebKit/537.36 (KHTML, like Gecko) Chrome/48.0.2535.0 Safari/537.36"
::1 - - [Sun, 08 May 2016 12:56:01 GMT] "GET /img/glyphicons-halflings-white.png HTTP/1.1" 304 - "http://localhost:3000/u/xinhe" "Mozilla/5.0 (Windows NT 6.1; WOW64) AppleWebKit/537.36 (KHTML, like Gecko) Chrome/48.0.2535.0 Safari/537.36"
::1 - - [Sun, 08 May 2016 12:56:02 GMT] "GET / HTTP/1.1" 200 3432 "http://localhost:3000/u/xinhe" "Mozilla/5.0 (Windows NT 6.1; WOW64) AppleWebKit/537.36 (KHTML, like Gecko) Chrome/48.0.2535.0 Safari/537.36"
::1 - - [Sun, 08 May 2016 12:56:02 GMT] "GET /stylesheets/bootstrap.css HTTP/1.1" 304 - "http://localhost:3000/" "Mozilla/5.0 (Windows NT 6.1; WOW64) AppleWebKit/537.36 (KHTML, like Gecko) Chrome/48.0.2535.0 Safari/537.36"
::1 - - [Sun, 08 May 2016 12:56:02 GMT] "GET /javascripts/jquery.min.js HTTP/1.1" 304 - "http://localhost:3000/" "Mozilla/5.0 (Windows NT 6.1; WOW64) AppleWebKit/537.36 (KHTML, like Gecko) Chrome/48.0.2535.0 Safari/537.36"
::1 - - [Sun, 08 May 2016 12:56:02 GMT] "GET /javascripts/bootstrap.js HTTP/1.1" 304 - "http://localhost:3000/" "Mozilla/5.0 (Windows NT 6.1; WOW64) AppleWebKit/537.36 (KHTML, like Gecko) Chrome/48.0.2535.0 Safari/537.36"
::1 - - [Sun, 08 May 2016 12:56:02 GMT] "GET /stylesheets/bootstrap-responsive.css HTTP/1.1" 304 - "http://localhost:3000/" "Mozilla/5.0 (Windows NT 6.1; WOW64) AppleWebKit/537.36 (KHTML, like Gecko) Chrome/48.0.2535.0 Safari/537.36"
::1 - - [Sun, 08 May 2016 12:56:02 GMT] "GET /img/glyphicons-halflings-white.png HTTP/1.1" 304 - "http://localhost:3000/" "Mozilla/5.0 (Windows NT 6.1; WOW64) AppleWebKit/537.36 (KHTML, like Gecko) Chrome/48.0.2535.0 Safari/537.36"
::1 - - [Mon, 09 May 2016 06:34:01 GMT] "GET / HTTP/1.1" 200 3521 "http://localhost:3000/u/xinhe" "Mozilla/5.0 (Windows NT 6.1; WOW64) AppleWebKit/537.36 (KHTML, like Gecko) Chrome/48.0.2535.0 Safari/537.36"
::1 - - [Mon, 09 May 2016 06:34:01 GMT] "GET /stylesheets/bootstrap.css HTTP/1.1" 304 - "http://localhost:3000/" "Mozilla/5.0 (Windows NT 6.1; WOW64) AppleWebKit/537.36 (KHTML, like Gecko) Chrome/48.0.2535.0 Safari/537.36"
::1 - - [Mon, 09 May 2016 06:34:01 GMT] "GET /stylesheets/bootstrap-responsive.css HTTP/1.1" 304 - "http://localhost:3000/" "Mozilla/5.0 (Windows NT 6.1; WOW64) AppleWebKit/537.36 (KHTML, like Gecko) Chrome/48.0.2535.0 Safari/537.36"
::1 - - [Mon, 09 May 2016 06:34:01 GMT] "GET /javascripts/bootstrap.js HTTP/1.1" 304 - "http://localhost:3000/" "Mozilla/5.0 (Windows NT 6.1; WOW64) AppleWebKit/537.36 (KHTML, like Gecko) Chrome/48.0.2535.0 Safari/537.36"
::1 - - [Mon, 09 May 2016 06:34:01 GMT] "GET /javascripts/jquery.min.js HTTP/1.1" 304 - "http://localhost:3000/" "Mozilla/5.0 (Windows NT 6.1; WOW64) AppleWebKit/537.36 (KHTML, like Gecko) Chrome/48.0.2535.0 Safari/537.36"
